<?xml version="1.0" encoding="UTF-8"?>
<!-- Generated by org.testng.reporters.JUnitReportReporter -->
<testsuite skipped="1" hostname="DESKTOP-B41FT31" name="script.InvalidLogin" tests="1" failures="0" timestamp="04 Dec 2018 12:55:27 GMT" time="0.000" errors="0">
  <testcase name="testInvalidLogin" time="0.000" classname="script.InvalidLogin">
    <skipped/>
  </testcase> <!-- testInvalidLogin -->
</testsuite> <!-- script.InvalidLogin -->
